<?xml version="1.0" encoding="UTF-8"?>
<!-- Generated by org.testng.reporters.JUnitReportReporter -->
<testsuite hostname="AMARENDER" failures="0" tests="5" name="com.v11.qa.testcases.Register" time="6.357" errors="1" timestamp="2024-06-27T22:33:03 IST" skipped="4">
  <testcase classname="com.v11.qa.testcases.Register" name="setUp" time="6.355">
    <error message="Cannot invoke &quot;com.v11.qa.pages.HomePage.clickOnMyAccount()&quot; because &quot;this.homePage&quot; is null" type="java.lang.NullPointerException">
      <![CDATA[java.lang.NullPointerException: Cannot invoke "com.v11.qa.pages.HomePage.clickOnMyAccount()" because "this.homePage" is null
at com.v11.qa.testcases.Register.setUp(Register.java:36)
at java.base/jdk.internal.reflect.NativeMethodAccessorImpl.invoke0(Native Method)
at java.base/jdk.internal.reflect.NativeMethodAccessorImpl.invoke(NativeMethodAccessorImpl.java:77)
at java.base/jdk.internal.reflect.DelegatingMethodAccessorImpl.invoke(DelegatingMethodAccessorImpl.java:43)
at java.base/java.lang.reflect.Method.invoke(Method.java:568)
at org.testng.internal.invokers.MethodInvocationHelper.invokeMethod(MethodInvocationHelper.java:139)
at org.testng.internal.invokers.MethodInvocationHelper.invokeMethodConsideringTimeout(MethodInvocationHelper.java:69)
at org.testng.internal.invokers.ConfigInvoker.invokeConfigurationMethod(ConfigInvoker.java:361)
at org.testng.internal.invokers.ConfigInvoker.invokeConfigurations(ConfigInvoker.java:296)
at org.testng.internal.invokers.TestInvoker.runConfigMethods(TestInvoker.java:823)
at org.testng.internal.invokers.TestInvoker.invokeMethod(TestInvoker.java:590)
at org.testng.internal.invokers.TestInvoker.invokeTestMethod(TestInvoker.java:221)
at org.testng.internal.invokers.MethodRunner.runInSequence(MethodRunner.java:50)
at org.testng.internal.invokers.TestInvoker$MethodInvocationAgent.invoke(TestInvoker.java:969)
at org.testng.internal.invokers.TestInvoker.invokeTestMethods(TestInvoker.java:194)
at org.testng.internal.invokers.TestMethodWorker.invokeTestMethods(TestMethodWorker.java:148)
at org.testng.internal.invokers.TestMethodWorker.run(TestMethodWorker.java:128)
at java.base/java.util.ArrayList.forEach(ArrayList.java:1511)
at org.testng.TestRunner.privateRun(TestRunner.java:829)
at org.testng.TestRunner.run(TestRunner.java:602)
at org.testng.SuiteRunner.runTest(SuiteRunner.java:437)
at org.testng.SuiteRunner.runSequentially(SuiteRunner.java:431)
at org.testng.SuiteRunner.privateRun(SuiteRunner.java:391)
at org.testng.SuiteRunner.run(SuiteRunner.java:330)
at org.testng.SuiteRunnerWorker.runSuite(SuiteRunnerWorker.java:52)
at org.testng.SuiteRunnerWorker.run(SuiteRunnerWorker.java:95)
at org.testng.TestNG.runSuitesSequentially(TestNG.java:1256)
at org.testng.TestNG.runSuitesLocally(TestNG.java:1176)
at org.testng.TestNG.runSuites(TestNG.java:1099)
at org.testng.TestNG.run(TestNG.java:1067)
at org.testng.remote.AbstractRemoteTestNG.run(AbstractRemoteTestNG.java:115)
at org.testng.remote.RemoteTestNG.initAndRun(RemoteTestNG.java:251)
at org.testng.remote.RemoteTestNG.main(RemoteTestNG.java:77)
]]>
    </error>
  </testcase> <!-- setUp -->
  <system-out/>
  <testcase classname="com.v11.qa.testcases.Register" name="variyRegisteringAnAccountwithMandatoryFields" time="0.001">
    <skipped/>
  </testcase> <!-- variyRegisteringAnAccountwithMandatoryFields -->
  <system-out/>
  <testcase classname="com.v11.qa.testcases.Register" name="verifyRegisteringAcountByProvidingAllFileds" time="0.000">
    <skipped/>
  </testcase> <!-- verifyRegisteringAcountByProvidingAllFileds -->
  <system-out/>
  <testcase classname="com.v11.qa.testcases.Register" name="verifyRegisteringAcountwithExistingEmail" time="0.001">
    <skipped/>
  </testcase> <!-- verifyRegisteringAcountwithExistingEmail -->
  <system-out/>
  <testcase classname="com.v11.qa.testcases.Register" name="verifyRegistingAccountWithoutFillingDetails" time="0.000">
    <skipped/>
  </testcase> <!-- verifyRegistingAccountWithoutFillingDetails -->
  <system-out/>
</testsuite> <!-- com.v11.qa.testcases.Register -->
